date: 2014-03-07 06:23:19.087
argv: node /usr/bin/hexo generate --debug
os: Linux 3.13.0-5-generic linux x64
version:
  hexo: 2.4.6
  http_parser: 1.0
  node: 0.10.18
  v8: 3.14.5.9
  ares: 1.9.0-DEV
  uv: 0.10.15
  zlib: 1.2.3
  modules: 11
  openssl: 1.0.1e
---

[debug] 06:23:19.659 Configuration file load successfully
[debug] 06:23:19.669 Version info checked successfully
[debug] 06:23:19.775 Script load successfully: extend.filter.js
[debug] 06:23:19.776 Script load successfully: extend.generator.widgets.js
[debug] 06:23:19.778 Script load successfully: extend.helper.js
[debug] 06:23:19.811 Script load successfully: extend.helper.list_posts.js
[debug] 06:23:19.813 Script load successfully: hexo.config.js
[debug] 06:23:19.814 Script load successfully: site.script.js
[debug] 06:23:19.816 Script load successfully: theme.config.js
[debug] 06:23:20.003 generateBefore
[debug] 06:23:20.012 Theme layout loaded
[debug] 06:23:20.653 Theme source loaded
[debug] 06:23:21.742 Processed: _posts/replace.sh
[debug] 06:23:21.940 Theme configuration loaded
[debug] 06:23:22.073 Processed: media/assj.jpg
[debug] 06:23:22.079 Processed: media/carmelyne-happpy-mothers-day.png
[debug] 06:23:22.083 Processed: media/cheat.jpg
[debug] 06:23:22.093 Processed: media/chengxuyuan-rengou.jpg
[debug] 06:23:22.097 Processed: media/china.jpg
[debug] 06:23:22.105 Processed: media/cusd.jpg
[debug] 06:23:22.110 Processed: media/iphone.png
[debug] 06:23:22.113 Processed: media/jobs-at-apple.jpg
[debug] 06:23:22.115 Processed: media/keyboard.jpg
[debug] 06:23:22.118 Processed: media/marsh-mallow.jpg
[debug] 06:23:22.120 Processed: media/meng-zhu.jpg
[debug] 06:23:22.126 Processed: media/pet.jpg
[debug] 06:23:22.127 Processed: media/special-milk.jpg
[debug] 06:23:22.130 Processed: media/the-right-way-of-eating-fruit.jpg
[debug] 06:23:22.134 Processed: media/wpid-canary-default-broswer.png
[debug] 06:23:22.136 Processed: media/wpid-diaolemei.jpg
[debug] 06:23:22.139 Processed: media/wpid-diary.jpg
[debug] 06:23:22.141 Processed: media/wpid-dota.jpg
[debug] 06:23:22.142 Processed: media/wpid-e-trade-site.gif
[debug] 06:23:22.143 Processed: media/wpid-eclipse-java-compiler-setting-150x150.png
[debug] 06:23:22.145 Processed: media/wpid-eclipse-java-compiler-setting-300x168.png
[debug] 06:23:22.146 Processed: media/wpid-eclipse-java-compiler-setting-650x365.png
[debug] 06:23:22.147 Processed: media/wpid-eclipse-java-compiler-setting.png
[debug] 06:23:22.148 Processed: media/wpid-emacs-sqlplus-oracle-xe.png
[debug] 06:23:22.149 Processed: media/wpid-iamrich.jpg
[debug] 06:23:22.150 Processed: media/wpid-jinlin-thirteen-ant.jpg
[debug] 06:23:22.151 Processed: media/wpid-mengniu.jpg
[debug] 06:23:22.153 Processed: media/wpid-mr-tou.jpg
[debug] 06:23:22.154 Processed: media/wpid-mtputty.jpg
[debug] 06:23:22.155 Processed: media/wpid-programmer.jpg
[debug] 06:23:22.172 Theme language files loaded
[debug] 06:23:25.907 Processed: _posts/2010-05-07-get_glsl_version.md
[debug] 06:23:25.910 Processed: _posts/2010-05-07-git_windows.md
[debug] 06:23:25.912 Processed: _posts/2010-05-07-google_code_hg_password_save.md
[debug] 06:23:25.913 Processed: _posts/2010-05-07-google_voice_orkut_active.md
[debug] 06:23:25.913 Processed: _posts/2010-05-07-googlechrome_firefox_feeling.md
[debug] 06:23:25.913 Processed: _posts/2010-05-07-libcurl_http_download_error.md
[debug] 06:23:25.914 Processed: _posts/2010-05-07-linux_emacs_color.md
[debug] 06:23:25.914 Processed: _posts/2010-05-07-ms_vc_stderr_file.md
[debug] 06:23:25.915 Processed: _posts/2010-05-07-ogre_resources.md
[debug] 06:23:25.915 Processed: _posts/2010-05-07-p2pnat.md
[debug] 06:23:25.916 Processed: _posts/2010-05-07-scribefire_chrome.md
[debug] 06:23:25.916 Processed: _posts/2010-05-07-ubuntu_lucid_distcc.md
[debug] 06:23:25.917 Processed: _posts/2010-05-07-ubuntu_lucid_failed_query_glx_vendor.md
[debug] 06:23:25.917 Processed: _posts/2010-05-07-ubuntu_nvidia_ko.md
[debug] 06:23:25.918 Processed: _posts/2010-05-07-vs2010_ultimate_sn.md
[debug] 06:23:25.918 Processed: _posts/2010-05-08-apache2_start_error.md
[debug] 06:23:25.918 Processed: _posts/2010-05-08-archlinux_chrome_autoproxy.md
[debug] 06:23:25.919 Processed: _posts/2010-05-08-git_svn_clone_revision.md
[debug] 06:23:25.919 Processed: _posts/2010-05-08-mount_cifs_umask.md
[debug] 06:23:25.920 Processed: _posts/2010-05-08-ogre_chinese_path_filename.md
[debug] 06:23:25.920 Processed: _posts/2010-05-08-ssh_sock_5.md
[debug] 06:23:25.924 Processed: _posts/2010-05-08-ubuntu_kernel_clean.md
[debug] 06:23:25.925 Processed: _posts/2010-05-09-archlinux_usb_pen.md
[debug] 06:23:25.929 Processed: _posts/2010-05-10-archlinux_global_proxy.md
[debug] 06:23:25.929 Processed: _posts/2010-05-10-archlinux_install_yaourt.md
[debug] 06:23:25.930 Processed: _posts/2010-05-11-archlinux_x11_forwarding.md
[debug] 06:23:25.930 Processed: _posts/2010-05-16-mercurial_hg_proxy.md
[debug] 06:23:25.931 Processed: _posts/2010-05-18-grub2_boot_default.md
[debug] 06:23:25.931 Processed: _posts/2010-05-31-boost_progress_display.md
[debug] 06:23:25.931 Processed: _posts/2010-05-31-boost_timer.md
[debug] 06:23:25.932 Processed: _posts/2010-05-31-emacs_htmlize_el_mono_font.md
[debug] 06:23:25.932 Processed: _posts/2010-06-01-boost_parse_environment.md
[debug] 06:23:25.933 Processed: _posts/2010-06-01-boost_program_options.md
[debug] 06:23:25.933 Processed: _posts/2010-06-01-sudo_environment.md
[debug] 06:23:25.934 Processed: _posts/2010-06-02-vs2005_boost.md
[debug] 06:23:25.934 Processed: _posts/2010-06-03-boost_program_options_unregistered_param.md
[debug] 06:23:25.935 Processed: _posts/2010-06-06-debian_depends.md
[debug] 06:23:25.935 Processed: _posts/2010-06-06-first_qt.md
[debug] 06:23:25.936 Processed: _posts/2010-06-06-norton_google_dns.md
[debug] 06:23:25.936 Processed: _posts/2010-06-07-qt_incredibuild_compile.md
[debug] 06:23:25.937 Processed: _posts/2010-06-18-ubuntu_emacs_android.md
[debug] 06:23:25.937 Processed: _posts/2010-06-20-android.md5_string.md
[debug] 06:23:25.937 Processed: _posts/2010-06-20-chrome_dev_channel_source.md
[debug] 06:23:25.938 Processed: _posts/2010-06-21-android_phone_number.md
[debug] 06:23:25.938 Processed: _posts/2010-06-21-python_telnetlib_sample.md
[debug] 06:23:25.939 Processed: _posts/2010-06-21-ubuntu_telnet_server.md
[debug] 06:23:25.939 Processed: _posts/2010-06-22-emacs_python_ide.md
[debug] 06:23:25.940 Processed: _posts/2010-06-24-pyexpect.md
[debug] 06:23:25.940 Processed: _posts/2010-06-27-android_apn_setting.md
[debug] 06:23:25.941 Processed: _posts/2010-06-27-android_set_default_apn.md
[debug] 06:23:25.941 Processed: _posts/2010-06-28-android_emulator_appstore.md
[debug] 06:23:25.941 Processed: _posts/2010-06-29-android_screen_rotation.md
[debug] 06:23:25.942 Processed: _posts/2010-07-05-eclipse_crash.md
[debug] 06:23:25.942 Processed: _posts/2010-07-14-mencoder_extract_audio.md
[debug] 06:23:25.943 Processed: _posts/2010-07-14-srt2lrc_py.md
[debug] 06:23:25.943 Processed: _posts/2010-07-20-hg_ssh_access.md
[debug] 06:23:25.944 Processed: _posts/2010-07-21-android_aapt_error.md
[debug] 06:23:25.944 Processed: _posts/2010-07-22-cdhtmldialog_disable_context_menu_and_f5.md
[debug] 06:23:25.944 Processed: _posts/2010-07-22-cdhtmldialog_scrollbar.md
[debug] 06:23:25.945 Processed: _posts/2010-07-22-windows_get_resolution.md
[debug] 06:23:25.945 Processed: _posts/2010-07-22-windows_hide_taskbar.md
[debug] 06:23:25.946 Processed: _posts/2010-07-22-windows_task_bar_height.md
[debug] 06:23:25.946 Processed: _posts/2010-07-27-ubuntu_adb_driver.md
[debug] 06:23:25.947 Processed: _posts/2010-07-29-android-x86_halt.md
[debug] 06:23:25.948 Processed: _posts/2010-08-02-ubuntu_linux_flashget.md
[debug] 06:23:25.948 Processed: _posts/2010-08-08-fuse-python.md
[debug] 06:23:25.949 Processed: _posts/2010-08-23-archlinux_auto_mount_windows.md
[debug] 06:23:25.949 Processed: _posts/2010-08-23-archlinux_lxde_bluetooth.md
[debug] 06:23:25.950 Processed: _posts/2010-08-23-archlinux_sound.md
[debug] 06:23:25.950 Processed: _posts/2010-08-23-yaourt_install.md
[debug] 06:23:25.951 Processed: _posts/2010-08-24-archlinux_sound_alsamixer.md
[debug] 06:23:25.951 Processed: _posts/2010-08-24-grub_framebuffer.md
[debug] 06:23:25.952 Processed: _posts/2010-08-25-archlinux_aur_update.md
[debug] 06:23:25.952 Processed: _posts/2010-08-25-emacs23_xim.md
[debug] 06:23:25.952 Processed: _posts/2010-08-29-archlinux_xelatex.md
[debug] 06:23:25.953 Processed: _posts/2010-09-05-chrome_html5.md
[debug] 06:23:25.953 Processed: _posts/2010-09-15-first_gtk_program.md
[debug] 06:23:25.954 Processed: _posts/2010-09-16-chrome_proxy_.md_arg.md
[debug] 06:23:25.954 Processed: _posts/2010-09-17-gtk_button.md
[debug] 06:23:25.954 Processed: _posts/2010-09-21-archlinux_google_talkplugin_x86_64.md
[debug] 06:23:25.955 Processed: _posts/2010-10-10-android_google_map_view.md
[debug] 06:23:25.955 Processed: _posts/2010-10-10-mapview_overlay.md
[debug] 06:23:25.956 Processed: _posts/2010-11-28-say_goodbye_to_ads.md
[debug] 06:23:25.956 Processed: _posts/2010-11-28-tell_me_more.md
[debug] 06:23:25.957 Processed: _posts/2010-11-29-free_private_git_service.md
[debug] 06:23:25.957 Processed: _posts/2010-11-29-free_private_mercurial_service.md
[debug] 06:23:25.958 Processed: _posts/2010-11-29-res_protocol.md
[debug] 06:23:25.960 Processed: _posts/2010-11-30-android_call_google_maps_apk.md
[debug] 06:23:25.961 Processed: _posts/2010-11-30-android_intent_usage.md
[debug] 06:23:25.961 Processed: _posts/2010-11-30-android_invoke_maps_to_direction.md
[debug] 06:23:25.961 Processed: _posts/2010-11-30-resize_portable_ubuntu_image.md
[debug] 06:23:25.962 Processed: _posts/2010-12-01-android_emulator_proxy.md
[debug] 06:23:25.962 Processed: _posts/2010-12-03-how_hackerr_playing_game.md
[debug] 06:23:25.963 Processed: _posts/2010-12-05-never_marry_you.md
[debug] 06:23:25.963 Processed: _posts/2010-12-05-redis_links.md
[debug] 06:23:25.964 Processed: _posts/2010-12-05-sun.md
[debug] 06:23:25.964 Processed: _posts/2010-12-08-wuti.md
[debug] 06:23:25.964 Processed: _posts/2010-12-09-ps.md
[debug] 06:23:25.965 Processed: _posts/2010-12-11-dota.md
[debug] 06:23:25.965 Processed: _posts/2010-12-12-get_user_desktop_path_from_python.md
[debug] 06:23:25.966 Processed: _posts/2010-12-12-modify_windows_environment_variables_from_python.md
[debug] 06:23:25.966 Processed: _posts/2010-12-12-pefile.md
[debug] 06:23:25.966 Processed: _posts/2010-12-12-python_get_pe_version_info.md
[debug] 06:23:25.967 Processed: _posts/2010-12-12-pythoncom_lnk_file_path.md
[debug] 06:23:25.967 Processed: _posts/2010-12-12-pywin32-excel.md
[debug] 06:23:25.968 Processed: _posts/2010-12-12-pywin32_access.md
[debug] 06:23:25.968 Processed: _posts/2010-12-12-pywin32_excel.md
[debug] 06:23:25.968 Processed: _posts/2010-12-12-pywin32_word.md
[debug] 06:23:25.969 Processed: _posts/2010-12-13-python_manipulate_windows_service.md
[debug] 06:23:25.969 Processed: _posts/2010-12-14-mr_liu.md
[debug] 06:23:25.970 Processed: _posts/2010-12-16-course_of_foreign_university.md
[debug] 06:23:25.970 Processed: _posts/2010-12-18-chrome_dev_update_error.md
[debug] 06:23:25.970 Processed: _posts/2010-12-18-chrome_for_a_cause.md
[debug] 06:23:25.971 Processed: _posts/2010-12-19-chrome_for_cause_cheating_code.md
[debug] 06:23:25.971 Processed: _posts/2010-12-25-notitle.md
[debug] 06:23:25.972 Processed: _posts/2011-01-10-easy_install_upgrade.md
[debug] 06:23:25.972 Processed: _posts/2011-01-16-compile_subversion_python2-7_binding_on_windows.md
[debug] 06:23:25.972 Processed: _posts/2011-01-16-hg-git.md
[debug] 06:23:25.973 Processed: _posts/2011-01-16-hg_cert_warning.md
[debug] 06:23:25.973 Processed: _posts/2011-01-26-view_process_with_python_and_pywin32.md
[debug] 06:23:25.974 Processed: _posts/2011-01-28-qt_text_codec.md
[debug] 06:23:25.974 Processed: _posts/2011-03-01-sudo_keep_env.md
[debug] 06:23:25.974 Processed: _posts/2011-03-01-yaourt_proxy.md
[debug] 06:23:25.975 Processed: _posts/2011-03-30-change_oracle_ui_to_english.md
[debug] 06:23:25.975 Processed: _posts/2011-04-08-install_oracle_10g_enterprise_on_archlinux.md
[debug] 06:23:25.976 Processed: _posts/2011-04-19-gdb_save_breakpoints.md
[debug] 06:23:25.976 Processed: _posts/2011-04-24-archlinux_mingw_cross_compile_environment.md
[debug] 06:23:25.977 Processed: _posts/2011-04-24-archlinux_mingw_cross_compile_testdisk.md
[debug] 06:23:25.977 Processed: _posts/2011-04-24-gdb_remote_debuging.md
[debug] 06:23:25.978 Processed: _posts/2011-06-25-hg_merge_repositories.md
[debug] 06:23:25.978 Processed: _posts/2011-06-26-mac_os_x_emacs_chinese_font.md
[debug] 06:23:25.979 Processed: _posts/2011-06-29-linux_core_dump.md
[debug] 06:23:25.979 Processed: _posts/2011-06-29-mac_os_x_snow_leopard_swap_paritition_driver.md
[debug] 06:23:25.980 Processed: _posts/2011-07-01-enable_zoom_in_out_uiwebview.md
[debug] 06:23:25.980 Processed: _posts/2011-07-01-ios_uiwebview_current_url.md
[debug] 06:23:25.980 Processed: _posts/2011-07-03-build_emacs_on_mac_osx.md
[debug] 06:23:25.981 Processed: _posts/2011-07-05-ios_input_dialog.md
[debug] 06:23:25.981 Processed: _posts/2011-07-05-uiwebview_current_url.md
[debug] 06:23:25.982 Processed: _posts/2011-07-09-ios_exit_program_in_code.md
[debug] 06:23:25.982 Processed: _posts/2011-07-13-cocos2d_iphone_popscenewithtransition.md
[debug] 06:23:25.982 Processed: _posts/2011-07-17-hp_ux_font_error_fix.md
[debug] 06:23:25.983 Processed: _posts/2011-08-05-vmware_io_performance.md
[debug] 06:23:25.983 Processed: _posts/2011-08-27-respondstoselector_not_found_in_protocol.md
[debug] 06:23:25.984 Processed: _posts/2011-10-21-emacs_ibus_cannot_input_chinese.md
[debug] 06:23:25.984 Processed: _posts/2011-10-21-spark_display_chinese_on_linux.md
[debug] 06:23:25.985 Processed: _posts/2011-10-21-usegitbehindproxy.md
[debug] 06:23:25.985 Processed: _posts/2011-10-24-archlinux_ssh_http_privoxy.md
[debug] 06:23:25.985 Processed: _posts/2011-10-24-extract_specified_files_in_tar.md
[debug] 06:23:25.986 Processed: _posts/2011-10-24-ibus_sunpinyin_cadidates.md
[debug] 06:23:25.986 Processed: _posts/2011-10-26-python_barcode_generate.md
[debug] 06:23:25.987 Processed: _posts/2011-10-27-orgblog_code_theme.md
[debug] 06:23:25.987 Processed: _posts/2011-10-27-zenburn_code_css_test.md
[debug] 06:23:25.988 Processed: _posts/2011-10-28-colored_man_page_output.md
[debug] 06:23:25.988 Processed: _posts/2011-10-28-flush_dns_on_windows.md
[debug] 06:23:25.989 Processed: _posts/2011-10-28-python_get_public_ip.md
[debug] 06:23:25.989 Processed: _posts/2011-10-29-get_user_name_by_python.md
[debug] 06:23:25.990 Processed: _posts/2011-11-02-disable_zsh_git_prompt.md
[debug] 06:23:25.990 Processed: _posts/2011-11-02-micolog_code_backgroud_in_rss_output.md
[debug] 06:23:25.990 Processed: _posts/2011-11-03-add_css_support_for_rss_output.md
[debug] 06:23:25.991 Processed: _posts/2011-11-03-my-org_post_process_hook.md
[debug] 06:23:25.991 Processed: _posts/2011-11-04-use_google_chrome_as_emacs_default_browser.md
[debug] 06:23:25.992 Processed: _posts/2011-11-05-python_ftplib.md
[debug] 06:23:25.992 Processed: _posts/2011-11-07-rpm_command.md
[debug] 06:23:25.992 Processed: _posts/2011-11-12-stty_erase_key.md
[debug] 06:23:25.993 Processed: _posts/2011-11-13-emacs_sys_process_environment.md
[debug] 06:23:25.993 Processed: _posts/2011-11-13-pymacs.md
[debug] 06:23:25.994 Processed: _posts/2011-11-15-convert-hg-to-git.md
[debug] 06:23:25.994 Processed: _posts/2011-11-15-install-oracle-10gr2-on-archlinux.md
[debug] 06:23:25.994 Processed: _posts/2011-11-16-merge-git-repositories-to-subdirectory.md
[debug] 06:23:25.995 Processed: _posts/2011-11-17-common-proxy-settings.md
[debug] 06:23:25.995 Processed: _posts/2011-11-18-chrome-vim-key-binding.md
[debug] 06:23:25.996 Processed: _posts/2011-11-18-mount-bind.md
[debug] 06:23:25.996 Processed: _posts/2011-11-30-mercurial-hg-add-progress.md
[debug] 06:23:25.996 Processed: _posts/2011-12-01-genenv-assignment-makes-pointer-from-integer-without-a-cast.md
[debug] 06:23:25.997 Processed: _posts/2011-12-01-turn-on-coredump-on-linux.md
[debug] 06:23:25.997 Processed: _posts/2011-12-09-emacs-http-proxy-setting.md
[debug] 06:23:25.998 Processed: _posts/2011-12-09-org-save-outline-visibility.md
[debug] 06:23:25.998 Processed: _posts/2011-12-09-unlock-mcafee-user-interface.md
[debug] 06:23:25.998 Processed: _posts/2011-12-12-first-gnustep-gui.md
[debug] 06:23:25.999 Processed: _posts/2011-12-12-gnustep-env-on-archlinux.md
[debug] 06:23:25.999 Processed: _posts/2011-12-15-archlinux-etc-rc-d-functions-error.md
[debug] 06:23:26.000 Processed: _posts/2011-12-30-mac-os-x-emacs-chinese-font-setting.md
[debug] 06:23:26.000 Processed: _posts/2011-12-30-mac-os-x-homebrew.md
[debug] 06:23:26.000 Processed: _posts/2011-12-30-macos-x-swap-dan-du-fen-qu.md
[debug] 06:23:26.001 Processed: _posts/2011-12-31-git-remove-untracked-files-and-directories.md
[debug] 06:23:26.001 Processed: _posts/2011-12-31-git-rpc-error-56.md
[debug] 06:23:26.002 Processed: _posts/2011-12-31-rsync-ignore-svn-direcotry.md
[debug] 06:23:26.002 Processed: _posts/2011-12-31-show-all-files-in-finder-on-mac.md
[debug] 06:23:26.002 Processed: _posts/2012-01-05-gcc-mudflap.md
[debug] 06:23:26.003 Processed: _posts/2012-01-13-speed-up-ssh-x11-forwarding.md
[debug] 06:23:26.003 Processed: _posts/2012-01-18-git-line-ending.md
[debug] 06:23:26.004 Processed: _posts/2012-01-18-ssh-local-tunnel.md
[debug] 06:23:26.004 Processed: _posts/2012-01-19-run-app-directly-on-ios-simulator.md
[debug] 06:23:26.005 Processed: _posts/2012-01-30-git-svn-proxy-setting.md
[debug] 06:23:26.006 Processed: _posts/2012-02-02-git-svn-cant-locate-termreadkey-pm-in-inc.md
[debug] 06:23:26.007 Processed: _posts/2012-02-03-compile-gsoap-on-mac-os-x.md
[debug] 06:23:26.007 Processed: _posts/2012-02-06-emacs-open-files-by-dragging-and-dropping-on-mac-os-x-7.md
[debug] 06:23:26.008 Processed: _posts/2012-02-28-gsoap-error-200.md
[debug] 06:23:26.008 Processed: _posts/2012-02-28-gsoap-error-500.md
[debug] 06:23:26.008 Processed: _posts/2012-02-28-using-tcpdump-analysis-soap-protocol.md
[debug] 06:23:26.009 Processed: _posts/2012-04-10-soappy-error-xml-parsers-expat-expaterror.md
[debug] 06:23:26.009 Processed: _posts/2012-05-12-add-robots-dot-txt-to-octopress.md
[debug] 06:23:26.010 Processed: _posts/2012-05-12-octopress-useful-links.md
[debug] 06:23:26.010 Processed: _posts/2012-05-14-calculate-elapsed-time-in-milliseconds-unix-slash-linux.md
[debug] 06:23:26.011 Processed: _posts/2012-05-23-pygments-dot-rb-on-heroku.md
[debug] 06:23:26.011 Processed: _posts/2012-05-23-xiami-checkin.md
[debug] 06:23:26.011 Processed: _posts/2012-05-24-get-chinese-pinyin-python.md
[debug] 06:23:26.012 Processed: _posts/2012-05-31-add-border-radius-support-to-ie.md
[debug] 06:23:26.012 Processed: _posts/2012-05-31-test-blog-with-org-mode.md
[debug] 06:23:26.013 Processed: _posts/2012-05-31-xin-wen-wan-zhi-dao.md
[debug] 06:23:26.013 Processed: _posts/2012-06-01-python-get-os-information.md
[debug] 06:23:26.014 Processed: _posts/2012-06-07-modify-svn-log.md
[debug] 06:23:26.014 Processed: _posts/2012-06-26-open-chinese-convert.md
[debug] 06:23:26.015 Processed: _posts/2012-06-27-pet.md
[debug] 06:23:26.015 Processed: _posts/2012-06-28-certificate-not-installed-on-the-node.md
[debug] 06:23:26.016 Processed: _posts/2012-07-03-install-pptp-vnp-server-on-debian-linux.md
[debug] 06:23:26.016 Processed: _posts/2012-07-27-remove-android-lock-screen-pin-with-sqlite3.md
[debug] 06:23:26.017 Processed: _posts/2012-07-31-adbputty.md
[debug] 06:23:26.017 Processed: _posts/2012-09-21-anshanshuji.md
[debug] 06:23:26.017 Processed: _posts/2012-09-21-show-depends-on-mac-os-x.md
[debug] 06:23:26.018 Processed: _posts/2012-09-21-the-right-way-of-eating-fruit.md
[debug] 06:23:26.018 Processed: _posts/2012-09-26-golang-emacs-setting.md
[debug] 06:23:26.019 Processed: _posts/2012-09-26-use-bitbucket-as-dropbox-by-git.md
[debug] 06:23:26.019 Processed: _posts/2012-10-22-xiami-auto-checkin-with-golang.md
[debug] 06:23:26.020 Processed: _posts/2012-10-25-install-jdk-slash-jre-on-suse-10-dot-x.md
[debug] 06:23:26.020 Processed: _posts/2012-10-25-install-oracle-11gr2-on-suse-enterprise-linux.md
[debug] 06:23:26.021 Processed: _posts/2012-10-26-floating-point-exception-on-suse.md
[debug] 06:23:26.021 Processed: _posts/2012-11-21-avoids-ssh-timeouts.md
[debug] 06:23:26.021 Processed: _posts/2012-11-23-change-ibus-googlepinyin-default-candidates-number.md
[debug] 06:23:26.022 Processed: _posts/2012-11-26-generate-core-dump-on-linux.md
[debug] 06:23:26.022 Processed: _posts/2012-11-27-emacs-mac-like-key-binding.md
[debug] 06:23:26.023 Processed: _posts/2012-11-27-iphone.md
[debug] 06:23:26.023 Processed: _posts/2012-11-28-start-x-font-server-on-hp-ux.md
[debug] 06:23:26.024 Processed: _posts/2012-12-26-archlinux-fontconfig-for-chinese.md
[debug] 06:23:26.024 Processed: _posts/2012-12-26-git-submodule-remove.md
[debug] 06:23:26.025 Processed: _posts/2012-12-26-insert-current-time-in-emacs.md
[debug] 06:23:26.025 Processed: _posts/2012-12-26-open-large-file-with-emacs.md
[debug] 06:23:26.028 Processed: _posts/2013-01-13-archlinux-enable-vbox-service.md
[debug] 06:23:26.029 Processed: _posts/2013-06-03-cheat.md
[debug] 06:23:26.038 Cache saved
[info] 06:23:37.717 Files loaded in 17.889s
[debug] 06:23:37.728 Public folder not exists. No need to clear public folder.
[debug] 06:23:37.738 Render archive: archives/
[debug] 06:23:37.739 Render archive: archives/page/2/
[debug] 06:23:37.740 Render archive: archives/page/3/
[debug] 06:23:37.740 Render archive: archives/page/4/
[debug] 06:23:37.741 Render archive: archives/page/5/
[debug] 06:23:37.741 Render archive: archives/page/6/
[debug] 06:23:37.742 Render archive: archives/page/7/
[debug] 06:23:37.742 Render archive: archives/page/8/
[debug] 06:23:37.742 Render archive: archives/page/9/
[debug] 06:23:37.743 Render archive: archives/page/10/
[debug] 06:23:37.743 Render archive: archives/page/11/
[debug] 06:23:37.744 Render archive: archives/page/12/
[debug] 06:23:37.744 Render archive: archives/page/13/
[debug] 06:23:37.745 Render archive: archives/page/14/
[debug] 06:23:37.745 Render archive: archives/page/15/
[debug] 06:23:37.746 Render archive: archives/page/16/
[debug] 06:23:37.746 Render archive: archives/page/17/
[debug] 06:23:37.747 Render archive: archives/page/18/
[debug] 06:23:37.747 Render archive: archives/page/19/
[debug] 06:23:37.747 Render archive: archives/page/20/
[debug] 06:23:37.748 Render archive: archives/page/21/
[debug] 06:23:37.748 Render archive: archives/page/22/
[debug] 06:23:37.749 Render archive: archives/page/23/
[debug] 06:23:37.749 Render archive: archives/page/24/
[debug] 06:23:37.750 Render archive: archives/1011/
[debug] 06:23:37.750 Render archive: archives/1011/12/
[debug] 06:23:37.751 Render archive: archives/2010/
[debug] 06:23:37.751 Render archive: archives/2010/page/2/
[debug] 06:23:37.751 Render archive: archives/2010/page/3/
[debug] 06:23:37.752 Render archive: archives/2010/page/4/
[debug] 06:23:37.752 Render archive: archives/2010/page/5/
[debug] 06:23:37.753 Render archive: archives/2010/page/6/
[debug] 06:23:37.753 Render archive: archives/2010/page/7/
[debug] 06:23:37.754 Render archive: archives/2010/page/8/
[debug] 06:23:37.754 Render archive: archives/2010/page/9/
[debug] 06:23:37.755 Render archive: archives/2010/page/10/
[debug] 06:23:37.755 Render archive: archives/2010/page/11/
[debug] 06:23:37.756 Render archive: archives/2010/page/12/
[debug] 06:23:37.756 Render archive: archives/2010/05/
[debug] 06:23:37.757 Render archive: archives/2010/05/page/2/
[debug] 06:23:37.757 Render archive: archives/2010/05/page/3/
[debug] 06:23:37.758 Render archive: archives/2010/05/page/4/
[debug] 06:23:37.758 Render archive: archives/2010/06/
[debug] 06:23:37.759 Render archive: archives/2010/06/page/2/
[debug] 06:23:37.759 Render archive: archives/2010/06/page/3/
[debug] 06:23:37.759 Render archive: archives/2010/07/
[debug] 06:23:37.760 Render archive: archives/2010/07/page/2/
[debug] 06:23:37.760 Render archive: archives/2010/08/
[debug] 06:23:37.761 Render archive: archives/2010/08/page/2/
[debug] 06:23:37.761 Render archive: archives/2010/09/
[debug] 06:23:37.762 Render archive: archives/2010/10/
[debug] 06:23:37.762 Render archive: archives/2010/11/
[debug] 06:23:37.763 Render archive: archives/2010/12/
[debug] 06:23:37.763 Render archive: archives/2010/12/page/2/
[debug] 06:23:37.764 Render archive: archives/2010/12/page/3/
[debug] 06:23:37.764 Render archive: archives/2011/
[debug] 06:23:37.765 Render archive: archives/2011/page/2/
[debug] 06:23:37.765 Render archive: archives/2011/page/3/
[debug] 06:23:37.765 Render archive: archives/2011/page/4/
[debug] 06:23:37.766 Render archive: archives/2011/page/5/
[debug] 06:23:37.766 Render archive: archives/2011/page/6/
[debug] 06:23:37.767 Render archive: archives/2011/page/7/
[debug] 06:23:37.767 Render archive: archives/2011/page/8/
[debug] 06:23:37.767 Render archive: archives/2011/01/
[debug] 06:23:37.768 Render archive: archives/2011/03/
[debug] 06:23:37.768 Render archive: archives/2011/04/
[debug] 06:23:37.769 Render archive: archives/2011/06/
[debug] 06:23:37.769 Render archive: archives/2011/07/
[debug] 06:23:37.770 Render archive: archives/2011/08/
[debug] 06:23:37.770 Render archive: archives/2011/10/
[debug] 06:23:37.770 Render archive: archives/2011/10/page/2/
[debug] 06:23:37.771 Render archive: archives/2011/11/
[debug] 06:23:37.771 Render archive: archives/2011/11/page/2/
[debug] 06:23:37.772 Render archive: archives/2011/12/
[debug] 06:23:37.772 Render archive: archives/2011/12/page/2/
[debug] 06:23:37.773 Render archive: archives/2012/
[debug] 06:23:37.773 Render archive: archives/2012/page/2/
[debug] 06:23:37.773 Render archive: archives/2012/page/3/
[debug] 06:23:37.774 Render archive: archives/2012/page/4/
[debug] 06:23:37.774 Render archive: archives/2012/page/5/
[debug] 06:23:37.775 Render archive: archives/2012/01/
[debug] 06:23:37.775 Render archive: archives/2012/02/
[debug] 06:23:37.775 Render archive: archives/2012/04/
[debug] 06:23:37.776 Render archive: archives/2012/05/
[debug] 06:23:37.776 Render archive: archives/2012/06/
[debug] 06:23:37.777 Render archive: archives/2012/07/
[debug] 06:23:37.777 Render archive: archives/2012/09/
[debug] 06:23:37.778 Render archive: archives/2012/10/
[debug] 06:23:37.778 Render archive: archives/2012/11/
[debug] 06:23:37.778 Render archive: archives/2012/12/
[debug] 06:23:37.779 Render archive: archives/2013/
[debug] 06:23:37.779 Render archive: archives/2013/01/
[debug] 06:23:37.780 Render archive: archives/2013/06/
[debug] 06:23:37.780 Render category: categories/gamedev/
[debug] 06:23:37.780 Render category: categories/opengl/
[debug] 06:23:37.781 Render category: categories/Linux/
[debug] 06:23:37.781 Render category: categories/Linux/page/2/
[debug] 06:23:37.782 Render category: categories/Linux/page/3/
[debug] 06:23:37.782 Render category: categories/Linux/page/4/
[debug] 06:23:37.782 Render category: categories/Linux/page/5/
[debug] 06:23:37.783 Render category: categories/Linux/page/6/
[debug] 06:23:37.783 Render category: categories/Linux/page/7/
[debug] 06:23:37.784 Render category: categories/programming/
[debug] 06:23:37.784 Render category: categories/programming/page/2/
[debug] 06:23:37.785 Render category: categories/programming/page/3/
[debug] 06:23:37.785 Render category: categories/programming/page/4/
[debug] 06:23:37.786 Render category: categories/programming/page/5/
[debug] 06:23:37.788 Render category: categories/programming/page/6/
[debug] 06:23:37.789 Render category: categories/programming/page/7/
[debug] 06:23:37.789 Render category: categories/programming/page/8/
[debug] 06:23:37.790 Render category: categories/programming/page/9/
[debug] 06:23:37.790 Render category: categories/programming/page/10/
[debug] 06:23:37.791 Render category: categories/programming/page/11/
[debug] 06:23:37.791 Render category: categories/programming/page/12/
[debug] 06:23:37.792 Render category: categories/programming/page/13/
[debug] 06:23:37.792 Render category: categories/programming/page/14/
[debug] 06:23:37.793 Render category: categories/tools/
[debug] 06:23:37.793 Render category: categories/tools/page/2/
[debug] 06:23:37.794 Render category: categories/tools/page/3/
[debug] 06:23:37.794 Render category: categories/tools/page/4/
[debug] 06:23:37.794 Render category: categories/tools/page/5/
[debug] 06:23:37.795 Render category: categories/tools/page/6/
[debug] 06:23:37.795 Render category: categories/tools/page/7/
[debug] 06:23:37.796 Render category: categories/tools/page/8/
[debug] 06:23:37.796 Render category: categories/tools/page/9/
[debug] 06:23:37.797 Render category: categories/tools/page/10/
[debug] 06:23:37.797 Render category: categories/tools/page/11/
[debug] 06:23:37.797 Render category: categories/tools/page/12/
[debug] 06:23:37.798 Render category: categories/tools/page/13/
[debug] 06:23:37.798 Render category: categories/tools/page/14/
[debug] 06:23:37.799 Render category: categories/tools/page/15/
[debug] 06:23:37.799 Render category: categories/无所事事/
[debug] 06:23:37.800 Render category: categories/无所事事/page/2/
[debug] 06:23:37.801 Render category: categories/无所事事/page/3/
[debug] 06:23:37.801 Render category: categories/无所事事/page/4/
[debug] 06:23:37.802 Render category: categories/emacs/
[debug] 06:23:37.802 Render category: categories/emacs/page/2/
[debug] 06:23:37.802 Render category: categories/emacs/page/3/
[debug] 06:23:37.803 Render category: categories/emacs/page/4/
[debug] 06:23:37.803 Render category: categories/emacs/page/5/
[debug] 06:23:37.804 Render category: categories/emacs/page/6/
[debug] 06:23:37.804 Render category: categories/emacs/page/7/
[debug] 06:23:37.804 Render category: categories/Google Chrome/
[debug] 06:23:37.805 Render category: categories/oracle/
[debug] 06:23:37.805 Render category: categories/ios/
[debug] 06:23:37.806 Render category: categories/org2blog/
[debug] 06:23:37.806 Render category: categories/org2blog/page/2/
[debug] 06:23:37.807 Render category: categories/org2blog/page/3/
[debug] 06:23:37.807 Render category: categories/org2blog/page/4/
[debug] 06:23:37.808 Render category: categories/org2blog/page/5/
[debug] 06:23:37.808 Render category: categories/org2blog/page/6/
[debug] 06:23:37.809 Render index: 
[debug] 06:23:37.809 Render index: page/2/
[debug] 06:23:37.809 Render index: page/3/
[debug] 06:23:37.810 Render index: page/4/
[debug] 06:23:37.810 Render index: page/5/
[debug] 06:23:37.811 Render index: page/6/
[debug] 06:23:37.811 Render index: page/7/
[debug] 06:23:37.811 Render index: page/8/
[debug] 06:23:37.812 Render index: page/9/
[debug] 06:23:37.812 Render index: page/10/
[debug] 06:23:37.813 Render index: page/11/
[debug] 06:23:37.813 Render index: page/12/
[debug] 06:23:37.817 Render index: page/13/
[debug] 06:23:37.817 Render index: page/14/
[debug] 06:23:37.817 Render index: page/15/
[debug] 06:23:37.818 Render index: page/16/
[debug] 06:23:37.818 Render index: page/17/
[debug] 06:23:37.819 Render index: page/18/
[debug] 06:23:37.819 Render index: page/19/
[debug] 06:23:37.820 Render index: page/20/
[debug] 06:23:37.820 Render index: page/21/
[debug] 06:23:37.820 Render index: page/22/
[debug] 06:23:37.821 Render index: page/23/
[debug] 06:23:37.821 Render index: page/24/
[debug] 06:23:37.822 Render post: 2013-06-03-cheat.html
[debug] 06:23:37.822 Render post: 2013-01-13-archlinux-enable-vbox-service.html
[debug] 06:23:37.823 Render post: 2012-12-26-git-submodule-remove.html
[debug] 06:23:37.823 Render post: 2012-12-26-archlinux-fontconfig-for-chinese.html
[debug] 06:23:37.824 Render post: 2012-11-28-start-x-font-server-on-hp-ux.html
[debug] 06:23:37.824 Render post: 2012-11-27-emacs-mac-like-key-binding.html
[debug] 06:23:37.825 Render post: 2012-11-27-iphone.html
[debug] 06:23:37.825 Render post: 2012-11-26-generate-core-dump-on-linux.html
[debug] 06:23:37.825 Render post: 2012-12-26-insert-current-time-in-emacs.html
[debug] 06:23:37.826 Render post: 2012-12-26-open-large-file-with-emacs.html
[debug] 06:23:37.826 Render post: 2012-11-23-change-ibus-googlepinyin-default-candidates-number.html
[debug] 06:23:37.827 Render post: 2012-11-21-avoids-ssh-timeouts.html
[debug] 06:23:37.827 Render post: 2012-10-26-floating-point-exception-on-suse.html
[debug] 06:23:37.828 Render post: 2012-10-25-install-jdk-slash-jre-on-suse-10-dot-x.html
[debug] 06:23:37.828 Render post: 2012-10-25-install-oracle-11gr2-on-suse-enterprise-linux.html
[debug] 06:23:37.828 Render post: 2012-10-22-xiami-auto-checkin-with-golang.html
[debug] 06:23:37.829 Render post: 2012-09-26-use-bitbucket-as-dropbox-by-git.html
[debug] 06:23:37.829 Render post: 2012-09-26-golang-emacs-setting.html
[debug] 06:23:37.830 Render post: 2012-09-21-the-right-way-of-eating-fruit.html
[debug] 06:23:37.830 Render post: 2012-09-21-anshanshuji.html
[debug] 06:23:37.831 Render post: 2012-09-21-show-depends-on-mac-os-x.html
[debug] 06:23:37.831 Render post: 2012-07-31-adbputty.html
[debug] 06:23:37.831 Render post: 2012-07-27-remove-android-lock-screen-pin-with-sqlite3.html
[debug] 06:23:37.832 Render post: 2012-07-03-install-pptp-vnp-server-on-debian-linux.html
[debug] 06:23:37.832 Render post: 2012-06-28-certificate-not-installed-on-the-node.html
[debug] 06:23:37.833 Render post: 2012-06-27-pet.html
[debug] 06:23:37.833 Render post: 2012-06-26-open-chinese-convert.html
[debug] 06:23:37.833 Render post: 2012-06-07-modify-svn-log.html
[debug] 06:23:37.834 Render post: 2012-06-01-python-get-os-information.html
[debug] 06:23:37.834 Render post: 2012-05-31-add-border-radius-support-to-ie.html
[debug] 06:23:37.835 Render post: 2012-05-31-xin-wen-wan-zhi-dao.html
[debug] 06:23:37.835 Render post: 2012-05-31-test-blog-with-org-mode.html
[debug] 06:23:37.835 Render post: 2012-05-24-get-chinese-pinyin-python.html
[debug] 06:23:37.836 Render post: 2012-05-23-pygments-dot-rb-on-heroku.html
[debug] 06:23:37.836 Render post: 2012-05-23-xiami-checkin.html
[debug] 06:23:37.837 Render post: 2012-05-14-calculate-elapsed-time-in-milliseconds-unix-slash-linux.html
[debug] 06:23:37.837 Render post: 2012-05-12-add-robots-dot-txt-to-octopress.html
[debug] 06:23:37.838 Render post: 2012-05-12-octopress-useful-links.html
[debug] 06:23:37.838 Render post: 2012-04-10-soappy-error-xml-parsers-expat-expaterror.html
[debug] 06:23:37.838 Render post: 2012-02-28-gsoap-error-500.html
[debug] 06:23:37.839 Render post: 2012-02-28-using-tcpdump-analysis-soap-protocol.html
[debug] 06:23:37.839 Render post: 2012-02-28-gsoap-error-200.html
[debug] 06:23:37.840 Render post: 2012-02-06-emacs-open-files-by-dragging-and-dropping-on-mac-os-x-7.html
[debug] 06:23:37.840 Render post: 2012-02-03-compile-gsoap-on-mac-os-x.html
[debug] 06:23:37.840 Render post: 2012-02-02-git-svn-cant-locate-termreadkey-pm-in-inc.html
[debug] 06:23:37.841 Render post: 2012-01-30-git-svn-proxy-setting.html
[debug] 06:23:37.841 Render post: 2012-01-19-run-app-directly-on-ios-simulator.html
[debug] 06:23:37.842 Render post: 2012-01-18-git-line-ending.html
[debug] 06:23:37.842 Render post: 2012-01-18-ssh-local-tunnel.html
[debug] 06:23:37.843 Render post: 2012-01-13-speed-up-ssh-x11-forwarding.html
[debug] 06:23:37.843 Render post: 2012-01-05-gcc-mudflap.html
[debug] 06:23:37.843 Render post: 2011-12-31-git-rpc-error-56.html
[debug] 06:23:37.844 Render post: 2011-12-31-git-remove-untracked-files-and-directories.html
[debug] 06:23:37.844 Render post: 2011-12-31-show-all-files-in-finder-on-mac.html
[debug] 06:23:37.845 Render post: 2011-12-30-mac-os-x-emacs-chinese-font-setting.html
[debug] 06:23:37.845 Render post: 2011-12-30-mac-os-x-homebrew.html
[debug] 06:23:37.845 Render post: 2011-12-30-macos-x-swap-dan-du-fen-qu.html
[debug] 06:23:37.846 Render post: 2011-12-15-archlinux-etc-rc-d-functions-error.html
[debug] 06:23:37.846 Render post: 2011-12-12-gnustep-env-on-archlinux.html
[debug] 06:23:37.847 Render post: 2011-12-12-first-gnustep-gui.html
[debug] 06:23:37.847 Render post: 2011-12-09-unlock-mcafee-user-interface.html
[debug] 06:23:37.847 Render post: 2011-12-09-org-save-outline-visibility.html
[debug] 06:23:37.848 Render post: 2011-12-09-emacs-http-proxy-setting.html
[debug] 06:23:37.848 Render post: 2011-12-01-genenv-assignment-makes-pointer-from-integer-without-a-cast.html
[debug] 06:23:37.849 Render post: 2011-12-01-turn-on-coredump-on-linux.html
[debug] 06:23:37.849 Render post: 2011-11-30-mercurial-hg-add-progress.html
[debug] 06:23:37.850 Render post: 2011-11-18-chrome-vim-key-binding.html
[debug] 06:23:37.850 Render post: 2011-11-18-mount-bind.html
[debug] 06:23:37.850 Render post: 2011-11-17-common-proxy-settings.html
[debug] 06:23:37.851 Render post: 2011-11-16-merge-git-repositories-to-subdirectory.html
[debug] 06:23:37.851 Render post: 2011-11-15-install-oracle-10gr2-on-archlinux.html
[debug] 06:23:37.852 Render post: 2011-11-15-convert-hg-to-git.html
[debug] 06:23:37.852 Render post: 2011-11-13-pymacs.html
[debug] 06:23:37.852 Render post: 2011-11-13-emacs_sys_process_environment.html
[debug] 06:23:37.853 Render post: 2011-11-12-stty_erase_key.html
[debug] 06:23:37.853 Render post: 2011-11-07-rpm_command.html
[debug] 06:23:37.854 Render post: 2011-11-05-python_ftplib.html
[debug] 06:23:37.854 Render post: 2011-11-04-use_google_chrome_as_emacs_default_browser.html
[debug] 06:23:37.854 Render post: 2011-11-03-my-org_post_process_hook.html
[debug] 06:23:37.855 Render post: 2011-11-03-add_css_support_for_rss_output.html
[debug] 06:23:37.855 Render post: 2011-11-02-disable_zsh_git_prompt.html
[debug] 06:23:37.856 Render post: 2011-11-02-micolog_code_backgroud_in_rss_output.html
[debug] 06:23:37.856 Render post: 2011-10-29-get_user_name_by_python.html
[debug] 06:23:37.857 Render post: 2011-10-28-python_get_public_ip.html
[debug] 06:23:37.857 Render post: 2011-10-28-colored_man_page_output.html
[debug] 06:23:37.857 Render post: 2011-10-28-flush_dns_on_windows.html
[debug] 06:23:37.858 Render post: 2011-10-27-orgblog_code_theme.html
[debug] 06:23:37.859 Render post: 2011-10-27-zenburn_code_css_test.html
[debug] 06:23:37.859 Render post: 2011-10-26-python_barcode_generate.html
[debug] 06:23:37.860 Render post: 2011-10-24-ibus_sunpinyin_cadidates.html
[debug] 06:23:37.860 Render post: 2011-10-24-extract_specified_files_in_tar.html
[debug] 06:23:37.861 Render post: 2011-10-24-archlinux_ssh_http_privoxy.html
[debug] 06:23:37.861 Render post: 2011-10-21-spark_display_chinese_on_linux.html
[debug] 06:23:37.861 Render post: 2011-10-21-emacs_ibus_cannot_input_chinese.html
[debug] 06:23:37.862 Render post: 2011-10-21-usegitbehindproxy.html
[debug] 06:23:37.862 Render post: 2011-08-27-respondstoselector_not_found_in_protocol.html
[debug] 06:23:37.863 Render post: 2011-08-05-vmware_io_performance.html
[debug] 06:23:37.863 Render post: 2011-07-17-hp_ux_font_error_fix.html
[debug] 06:23:37.864 Render post: 2011-07-13-cocos2d_iphone_popscenewithtransition.html
[debug] 06:23:37.864 Render post: 2011-07-09-ios_exit_program_in_code.html
[debug] 06:23:37.864 Render post: 2011-07-05-uiwebview_current_url.html
[debug] 06:23:37.865 Render post: 2011-07-05-ios_input_dialog.html
[debug] 06:23:37.865 Render post: 2011-07-03-build_emacs_on_mac_osx.html
[debug] 06:23:37.866 Render post: 2011-07-01-ios_uiwebview_current_url.html
[debug] 06:23:37.866 Render post: 2011-07-01-enable_zoom_in_out_uiwebview.html
[debug] 06:23:37.866 Render post: 2011-06-29-mac_os_x_snow_leopard_swap_paritition_driver.html
[debug] 06:23:37.867 Render post: 2011-06-29-linux_core_dump.html
[debug] 06:23:37.867 Render post: 2011-06-26-mac_os_x_emacs_chinese_font.html
[debug] 06:23:37.868 Render post: 2011-06-25-hg_merge_repositories.html
[debug] 06:23:37.868 Render post: 2011-04-24-gdb_remote_debuging.html
[debug] 06:23:37.869 Render post: 2011-04-24-archlinux_mingw_cross_compile_testdisk.html
[debug] 06:23:37.869 Render post: 2011-04-24-archlinux_mingw_cross_compile_environment.html
[debug] 06:23:37.869 Render post: 2011-04-19-gdb_save_breakpoints.html
[debug] 06:23:37.870 Render post: 2011-04-08-install_oracle_10g_enterprise_on_archlinux.html
[debug] 06:23:37.870 Render post: 2011-03-30-change_oracle_ui_to_english.html
[debug] 06:23:37.871 Render post: 2011-03-01-sudo_keep_env.html
[debug] 06:23:37.871 Render post: 2011-03-01-yaourt_proxy.html
[debug] 06:23:37.871 Render post: 2011-01-28-qt_text_codec.html
[debug] 06:23:37.872 Render post: 2011-01-26-view_process_with_python_and_pywin32.html
[debug] 06:23:37.872 Render post: 2011-01-16-hg_cert_warning.html
[debug] 06:23:37.873 Render post: 2011-01-16-hg-git.html
[debug] 06:23:37.873 Render post: 2011-01-16-compile_subversion_python2-7_binding_on_windows.html
[debug] 06:23:37.874 Render post: 2011-01-10-easy_install_upgrade.html
[debug] 06:23:37.874 Render post: 2010-12-25-notitle.html
[debug] 06:23:37.874 Render post: 2010-12-19-chrome_for_cause_cheating_code.html
[debug] 06:23:37.875 Render post: 2010-12-18-chrome_dev_update_error.html
[debug] 06:23:37.875 Render post: 2010-12-18-chrome_for_a_cause.html
[debug] 06:23:37.876 Render post: 2010-12-16-course_of_foreign_university.html
[debug] 06:23:37.876 Render post: 2010-12-14-mr_liu.html
[debug] 06:23:37.876 Render post: 2010-12-13-python_manipulate_windows_service.html
[debug] 06:23:37.877 Render post: 2010-12-12-pywin32_word.html
[debug] 06:23:37.877 Render post: 2010-12-12-pywin32_excel.html
[debug] 06:23:37.878 Render post: 2010-12-12-pywin32_access.html
[debug] 06:23:37.878 Render post: 2010-12-12-pythoncom_lnk_file_path.html
[debug] 06:23:37.879 Render post: 2010-12-12-python_get_pe_version_info.html
[debug] 06:23:37.879 Render post: 2010-12-12-pefile.html
[debug] 06:23:37.880 Render post: 2010-12-12-get_user_desktop_path_from_python.html
[debug] 06:23:37.880 Render post: 2010-12-12-modify_windows_environment_variables_from_python.html
[debug] 06:23:37.880 Render post: 2010-12-12-pywin32-excel.html
[debug] 06:23:37.881 Render post: 2010-12-11-dota.html
[debug] 06:23:37.881 Render post: 2010-12-09-ps.html
[debug] 06:23:37.882 Render post: 2010-12-08-wuti.html
[debug] 06:23:37.882 Render post: 2010-12-05-redis_links.html
[debug] 06:23:37.883 Render post: 2010-12-05-never_marry_you.html
[debug] 06:23:37.883 Render post: 2010-12-05-sun.html
[debug] 06:23:37.884 Render post: 2010-12-03-how_hackerr_playing_game.html
[debug] 06:23:37.884 Render post: 2010-12-01-android_emulator_proxy.html
[debug] 06:23:37.885 Render post: 2010-11-30-resize_portable_ubuntu_image.html
[debug] 06:23:37.885 Render post: 2010-11-30-android_invoke_maps_to_direction.html
[debug] 06:23:37.885 Render post: 2010-11-30-android_call_google_maps_apk.html
[debug] 06:23:37.886 Render post: 2010-11-30-android_intent_usage.html
[debug] 06:23:37.886 Render post: 2010-11-29-res_protocol.html
[debug] 06:23:37.887 Render post: 2010-11-29-free_private_git_service.html
[debug] 06:23:37.887 Render post: 2010-11-28-tell_me_more.html
[debug] 06:23:37.887 Render post: 2010-11-28-say_goodbye_to_ads.html
[debug] 06:23:37.888 Render post: 2010-11-29-free_private_mercurial_service.html
[debug] 06:23:37.888 Render post: 2010-10-10-mapview_overlay.html
[debug] 06:23:37.889 Render post: 2010-10-10-android_google_map_view.html
[debug] 06:23:37.889 Render post: 2010-09-21-archlinux_google_talkplugin_x86_64.html
[debug] 06:23:37.890 Render post: 2010-09-17-gtk_button.html
[debug] 06:23:37.890 Render post: 2010-09-16-chrome_proxy_.md_arg.html
[debug] 06:23:37.891 Render post: 2010-09-15-first_gtk_program.html
[debug] 06:23:37.891 Render post: 2010-09-05-chrome_html5.html
[debug] 06:23:37.891 Render post: 2010-08-29-archlinux_xelatex.html
[debug] 06:23:37.892 Render post: 2010-08-25-emacs23_xim.html
[debug] 06:23:37.892 Render post: 2010-08-24-grub_framebuffer.html
[debug] 06:23:37.893 Render post: 2010-08-25-archlinux_aur_update.html
[debug] 06:23:37.893 Render post: 2010-08-24-archlinux_sound_alsamixer.html
[debug] 06:23:37.894 Render post: 2010-08-23-yaourt_install.html
[debug] 06:23:37.894 Render post: 2010-08-23-archlinux_lxde_bluetooth.html
[debug] 06:23:37.894 Render post: 2010-08-23-archlinux_sound.html
[debug] 06:23:37.895 Render post: 2010-08-08-fuse-python.html
[debug] 06:23:37.895 Render post: 2010-08-23-archlinux_auto_mount_windows.html
[debug] 06:23:37.896 Render post: 2010-08-02-ubuntu_linux_flashget.html
[debug] 06:23:37.904 Render post: 2010-07-29-android-x86_halt.html
[debug] 06:23:37.904 Render post: 2010-07-27-ubuntu_adb_driver.html
[debug] 06:23:37.905 Render post: 2010-07-22-windows_hide_taskbar.html
[debug] 06:23:37.905 Render post: 2010-07-22-cdhtmldialog_scrollbar.html
[debug] 06:23:37.906 Render post: 2010-07-22-windows_get_resolution.html
[debug] 06:23:37.906 Render post: 2010-07-22-cdhtmldialog_disable_context_menu_and_f5.html
[debug] 06:23:37.907 Render post: 2010-07-22-windows_task_bar_height.html
[debug] 06:23:37.907 Render post: 2010-07-21-android_aapt_error.html
[debug] 06:23:37.908 Render post: 2010-07-20-hg_ssh_access.html
[debug] 06:23:37.908 Render post: 2010-07-14-srt2lrc_py.html
[debug] 06:23:37.908 Render post: 2010-07-14-mencoder_extract_audio.html
[debug] 06:23:37.909 Render post: 2010-07-05-eclipse_crash.html
[debug] 06:23:37.909 Render post: 2010-06-29-android_screen_rotation.html
[debug] 06:23:37.910 Render post: 2010-06-28-android_emulator_appstore.html
[debug] 06:23:37.910 Render post: 2010-06-27-android_apn_setting.html
[debug] 06:23:37.911 Render post: 2010-06-27-android_set_default_apn.html
[debug] 06:23:37.912 Render post: 2010-06-24-pyexpect.html
[debug] 06:23:37.913 Render post: 2010-06-22-emacs_python_ide.html
[debug] 06:23:37.917 Render post: 2010-06-21-ubuntu_telnet_server.html
[debug] 06:23:37.917 Render post: 2010-06-21-android_phone_number.html
[debug] 06:23:37.918 Render post: 2010-06-21-python_telnetlib_sample.html
[debug] 06:23:37.919 Render post: 2010-06-20-chrome_dev_channel_source.html
[debug] 06:23:37.919 Render post: 2010-06-20-android.md5_string.html
[debug] 06:23:37.920 Render post: 2010-06-18-ubuntu_emacs_android.html
[debug] 06:23:37.920 Render post: 2010-06-07-qt_incredibuild_compile.html
[debug] 06:23:37.922 Render post: 2010-06-06-norton_google_dns.html
[debug] 06:23:37.922 Render post: 2010-06-06-first_qt.html
[debug] 06:23:37.923 Render post: 2010-06-06-debian_depends.html
[debug] 06:23:37.923 Render post: 2010-06-03-boost_program_options_unregistered_param.html
[debug] 06:23:37.923 Render post: 2010-06-02-vs2005_boost.html
[debug] 06:23:37.924 Render post: 2010-06-01-boost_program_options.html
[debug] 06:23:37.924 Render post: 2010-06-01-boost_parse_environment.html
[debug] 06:23:37.925 Render post: 2010-06-01-sudo_environment.html
[debug] 06:23:37.925 Render post: 2010-05-31-emacs_htmlize_el_mono_font.html
[debug] 06:23:37.926 Render post: 2010-05-31-boost_timer.html
[debug] 06:23:37.926 Render post: 2010-05-31-boost_progress_display.html
[debug] 06:23:37.926 Render post: 2010-05-18-grub2_boot_default.html
[debug] 06:23:37.927 Render post: 2010-05-16-mercurial_hg_proxy.html
[debug] 06:23:37.927 Render post: 2010-05-11-archlinux_x11_forwarding.html
[debug] 06:23:37.928 Render post: 2010-05-10-archlinux_install_yaourt.html
[debug] 06:23:37.928 Render post: 2010-05-10-archlinux_global_proxy.html
[debug] 06:23:37.929 Render post: 2010-05-09-archlinux_usb_pen.html
[debug] 06:23:37.929 Render post: 2010-05-08-git_svn_clone_revision.html
[debug] 06:23:37.930 Render post: 2010-05-08-archlinux_chrome_autoproxy.html
[debug] 06:23:37.930 Render post: 2010-05-08-ubuntu_kernel_clean.html
[debug] 06:23:37.931 Render post: 2010-05-08-mount_cifs_umask.html
[debug] 06:23:37.932 Render post: 2010-05-08-ogre_chinese_path_filename.html
[debug] 06:23:37.932 Render post: 2010-05-08-ssh_sock_5.html
[debug] 06:23:37.933 Render post: 2010-05-08-apache2_start_error.html
[debug] 06:23:37.933 Render post: 2010-05-07-googlechrome_firefox_feeling.html
[debug] 06:23:37.934 Render post: 2010-05-07-vs2010_ultimate_sn.html
[debug] 06:23:37.934 Render post: 2010-05-07-p2pnat.html
[debug] 06:23:37.934 Render post: 2010-05-07-linux_emacs_color.html
[debug] 06:23:37.935 Render post: 2010-05-07-ogre_resources.html
[debug] 06:23:37.935 Render post: 2010-05-07-ubuntu_nvidia_ko.html
[debug] 06:23:37.936 Render post: 2010-05-07-ubuntu_lucid_distcc.html
[debug] 06:23:37.936 Render post: 2010-05-07-scribefire_chrome.html
[debug] 06:23:37.937 Render post: 2010-05-07-google_voice_orkut_active.html
[debug] 06:23:37.937 Render post: 2010-05-07-ms_vc_stderr_file.html
[debug] 06:23:37.937 Render post: 2010-05-07-google_code_hg_password_save.html
[debug] 06:23:37.938 Render post: 2010-05-07-get_glsl_version.html
[debug] 06:23:37.938 Render post: 2010-05-07-git_windows.html
[debug] 06:23:37.939 Render post: 2010-05-07-ubuntu_lucid_failed_query_glx_vendor.html
[debug] 06:23:37.939 Render post: 2010-05-07-libcurl_http_download_error.html
[debug] 06:23:37.940 Render post: 2011-12-31-rsync-ignore-svn-direcotry.html
[debug] 06:23:37.940 Render tag: tags/GameDev/
[debug] 06:23:37.940 Render tag: tags/GLSL/
[debug] 06:23:37.941 Render tag: tags/OpenGL/
[debug] 06:23:37.941 Render tag: tags/DVCS/
[debug] 06:23:37.942 Render tag: tags/DVCS/page/2/
[debug] 06:23:37.942 Render tag: tags/DVCS/page/3/
[debug] 06:23:37.942 Render tag: tags/git/
[debug] 06:23:37.943 Render tag: tags/git/page/2/
[debug] 06:23:37.943 Render tag: tags/Windows/
[debug] 06:23:37.944 Render tag: tags/Windows/page/2/
[debug] 06:23:37.944 Render tag: tags/hg/
[debug] 06:23:37.945 Render tag: tags/mercurial/
[debug] 06:23:37.945 Render tag: tags/google_voice/
[debug] 06:23:37.945 Render tag: tags/orkut/
[debug] 06:23:37.946 Render tag: tags/无所事事/
[debug] 06:23:37.946 Render tag: tags/无所事事/page/2/
[debug] 06:23:37.947 Render tag: tags/无所事事/page/3/
[debug] 06:23:37.947 Render tag: tags/adblock/
[debug] 06:23:37.947 Render tag: tags/autoproxy/
[debug] 06:23:37.948 Render tag: tags/chrome/
[debug] 06:23:37.948 Render tag: tags/extensions/
[debug] 06:23:37.949 Render tag: tags/firefox/
[debug] 06:23:37.949 Render tag: tags/scribefire/
[debug] 06:23:37.950 Render tag: tags/curl/
[debug] 06:23:37.950 Render tag: tags/emacs/
[debug] 06:23:37.951 Render tag: tags/emacs/page/2/
[debug] 06:23:37.951 Render tag: tags/emacs/page/3/
[debug] 06:23:37.951 Render tag: tags/emacs/page/4/
[debug] 06:23:37.952 Render tag: tags/emacs/page/5/
[debug] 06:23:37.952 Render tag: tags/emacs/page/6/
[debug] 06:23:37.953 Render tag: tags/emacs/page/7/
[debug] 06:23:37.953 Render tag: tags/emacs/page/8/
[debug] 06:23:37.954 Render tag: tags/Linux/
[debug] 06:23:37.954 Render tag: tags/Linux/page/2/
[debug] 06:23:37.955 Render tag: tags/Linux/page/3/
[debug] 06:23:37.955 Render tag: tags/Linux/page/4/
[debug] 06:23:37.955 Render tag: tags/Linux/page/5/
[debug] 06:23:37.956 Render tag: tags/Linux/page/6/
[debug] 06:23:37.956 Render tag: tags/Linux/page/7/
[debug] 06:23:37.957 Render tag: tags/Linux/page/8/
[debug] 06:23:37.957 Render tag: tags/Linux/page/9/
[debug] 06:23:37.957 Render tag: tags/VC/
[debug] 06:23:37.958 Render tag: tags/ogitor/
[debug] 06:23:37.958 Render tag: tags/Ogre/
[debug] 06:23:37.959 Render tag: tags/network/
[debug] 06:23:37.959 Render tag: tags/p2p/
[debug] 06:23:37.959 Render tag: tags/Google Chrome/
[debug] 06:23:37.960 Render tag: tags/distcc/
[debug] 06:23:37.960 Render tag: tags/ubuntu/
[debug] 06:23:37.961 Render tag: tags/GLX/
[debug] 06:23:37.961 Render tag: tags/nvidia/
[debug] 06:23:37.961 Render tag: tags/visualstudio/
[debug] 06:23:37.962 Render tag: tags/apache/
[debug] 06:23:37.962 Render tag: tags/archlinux/
[debug] 06:23:37.963 Render tag: tags/archlinux/page/2/
[debug] 06:23:37.963 Render tag: tags/archlinux/page/3/
[debug] 06:23:37.964 Render tag: tags/scm/
[debug] 06:23:37.964 Render tag: tags/samba/
[debug] 06:23:37.964 Render tag: tags/vs/
[debug] 06:23:37.965 Render tag: tags/ssh/
[debug] 06:23:37.965 Render tag: tags/kernel/
[debug] 06:23:37.966 Render tag: tags/portable/
[debug] 06:23:37.966 Render tag: tags/grub2/
[debug] 06:23:37.966 Render tag: tags/boost/
[debug] 06:23:37.967 Render tag: tags/Qt/
[debug] 06:23:37.967 Render tag: tags/dns/
[debug] 06:23:37.968 Render tag: tags/Google/
[debug] 06:23:37.968 Render tag: tags/Google/page/2/
[debug] 06:23:37.969 Render tag: tags/norton/
[debug] 06:23:37.969 Render tag: tags/android/
[debug] 06:23:37.969 Render tag: tags/android/page/2/
[debug] 06:23:37.970 Render tag: tags/ubunut/
[debug] 06:23:37.970 Render tag: tags/python/
[debug] 06:23:37.971 Render tag: tags/python/page/2/
[debug] 06:23:37.971 Render tag: tags/python/page/3/
[debug] 06:23:37.971 Render tag: tags/telnet/
[debug] 06:23:37.972 Render tag: tags/eclipse/
[debug] 06:23:37.972 Render tag: tags/gtk/
[debug] 06:23:37.973 Render tag: tags/GUI/
[debug] 06:23:37.973 Render tag: tags/english/
[debug] 06:23:37.973 Render tag: tags/VCS/
[debug] 06:23:37.974 Render tag: tags/VCS/page/2/
[debug] 06:23:37.974 Render tag: tags/redis/
[debug] 06:23:37.975 Render tag: tags/转载/
[debug] 06:23:37.975 Render tag: tags/svn/
[debug] 06:23:37.975 Render tag: tags/database/
[debug] 06:23:37.976 Render tag: tags/oracle/
[debug] 06:23:37.976 Render tag: tags/gdb/
[debug] 06:23:37.977 Render tag: tags/mingw/
[debug] 06:23:37.977 Render tag: tags/macos/
[debug] 06:23:37.977 Render tag: tags/ios/
[debug] 06:23:37.978 Render tag: tags/unix/
[debug] 06:23:37.978 Render tag: tags/org2blog/
[debug] 06:23:37.979 Render tag: tags/org2blog/page/2/
[debug] 06:23:37.979 Render tag: tags/org2blog/page/3/
[debug] 06:23:37.980 Render tag: tags/org2blog/page/4/
[debug] 06:23:37.980 Render tag: tags/org2blog/page/5/
[debug] 06:23:37.980 Render tag: tags/org2blog/page/6/
[debug] 06:23:37.981 Render tag: tags/libjinglea/
[debug] 06:23:37.981 Render tag: tags/xmpp/
[debug] 06:23:37.982 Render tag: tags/micolog/
[debug] 06:23:37.982 Render tag: tags/programming/
[debug] 06:23:37.983 Render tag: tags/tools/
[debug] 06:23:37.983 Render tag: tags/soap/
[debug] 06:23:37.983 Render tag: tags/web service/
[debug] 06:23:37.984 Render tag: tags/xml/
[debug] 06:23:37.984 Render tag: tags/gsoap/
[debug] 06:23:37.985 Render tag: tags/octopress/
[debug] 06:23:37.985 Render tag: tags/css3/
[debug] 06:23:37.985 Render tag: tags/ovo/
[debug] 06:23:37.986 Render tag: tags/go/
[debug] 06:23:37.987 Render tag: tags/golang/
[debug] 06:23:37.987 Render tag: tags/suse/
[debug] 06:23:37.988 Render tag: tags/redhat/
[debug] 06:23:37.988 Render tag: tags/hp-ux/
[debug] 06:23:38.001 Render widget: widgets/category.html
[debug] 06:23:38.002 Render widget: widgets/latest_update_posts.html
[debug] 06:23:38.002 Render widget: widgets/recent_posts.html
[debug] 06:23:38.003 Render widget: widgets/tagcloud.html
[debug] 06:23:38.003 Render widget: widgets/tags.html
[debug] 06:23:38.051 Add Module: duoshuo
[debug] 06:23:42.812 Add Module: wumii_relatedItems
[debug] 06:23:42.815 Add Module: ujian
[create] 06:23:57.719 Public: css/prettify.css
[create] 06:23:57.735 Public: js/respond.proxy.gif
[create] 06:23:57.738 Public: js/respond.proxy.js
[create] 06:23:57.742 Public: css/ie7.css
[create] 06:23:57.745 Public: media/assj.jpg
[create] 06:23:57.748 Public: media/cheat.jpg
[create] 06:23:57.751 Public: media/china.jpg
[create] 06:23:57.753 Public: media/cusd.jpg
[create] 06:23:57.754 Public: media/iphone.png
[create] 06:23:57.756 Public: media/jobs-at-apple.jpg
[create] 06:23:57.760 Public: media/keyboard.jpg
[create] 06:23:57.762 Public: media/marsh-mallow.jpg
[create] 06:23:57.764 Public: media/chengxuyuan-rengou.jpg
[create] 06:23:57.767 Public: media/carmelyne-happpy-mothers-day.png
[create] 06:23:57.770 Public: media/meng-zhu.jpg
[create] 06:23:57.772 Public: media/pet.jpg
[create] 06:23:57.774 Public: media/special-milk.jpg
[create] 06:23:57.775 Public: media/the-right-way-of-eating-fruit.jpg
[create] 06:23:57.777 Public: media/wpid-canary-default-broswer.png
[create] 06:23:57.779 Public: media/wpid-diaolemei.jpg
[create] 06:23:57.781 Public: media/wpid-diary.jpg
[create] 06:23:57.783 Public: media/wpid-dota.jpg
[create] 06:23:57.787 Public: media/wpid-e-trade-site.gif
[create] 06:23:57.789 Public: media/wpid-eclipse-java-compiler-setting-150x150.png
[create] 06:23:57.790 Public: media/wpid-eclipse-java-compiler-setting-300x168.png
[create] 06:23:57.793 Public: media/wpid-eclipse-java-compiler-setting-650x365.png
[create] 06:23:57.795 Public: media/wpid-eclipse-java-compiler-setting.png
[create] 06:23:57.797 Public: media/wpid-emacs-sqlplus-oracle-xe.png
[create] 06:23:57.801 Public: media/wpid-iamrich.jpg
[create] 06:23:57.806 Public: media/wpid-jinlin-thirteen-ant.jpg
[create] 06:23:57.810 Public: media/wpid-mengniu.jpg
[create] 06:23:57.814 Public: media/wpid-mr-tou.jpg
[create] 06:23:57.818 Public: media/wpid-mtputty.jpg
[create] 06:23:57.823 Public: media/wpid-programmer.jpg
[create] 06:23:57.827 Public: css/style.css
[create] 06:23:57.833 Public: archives/index.html
[create] 06:23:57.837 Public: archives/page/6/index.html
[create] 06:23:57.840 Public: archives/page/3/index.html
[create] 06:23:57.843 Public: archives/page/5/index.html
[create] 06:23:57.846 Public: archives/page/7/index.html
[create] 06:23:57.850 Public: archives/page/2/index.html
[create] 06:23:57.853 Public: archives/page/4/index.html
[create] 06:23:57.856 Public: archives/page/8/index.html
[create] 06:23:57.860 Public: archives/page/9/index.html
[create] 06:23:57.862 Public: archives/page/10/index.html
[create] 06:23:57.865 Public: archives/page/11/index.html
[create] 06:23:57.874 Public: archives/page/12/index.html
[create] 06:23:57.877 Public: archives/page/13/index.html
[create] 06:23:57.881 Public: archives/page/14/index.html
[create] 06:23:57.884 Public: archives/page/15/index.html
[create] 06:23:57.887 Public: archives/page/16/index.html
[create] 06:23:57.889 Public: archives/page/17/index.html
[create] 06:23:57.891 Public: archives/page/18/index.html
[create] 06:23:57.893 Public: archives/page/19/index.html
[create] 06:23:57.896 Public: archives/page/20/index.html
[create] 06:23:57.899 Public: archives/page/21/index.html
[create] 06:23:57.903 Public: archives/page/22/index.html
[create] 06:23:57.906 Public: archives/page/23/index.html
[create] 06:23:57.909 Public: archives/page/24/index.html
[create] 06:23:57.912 Public: archives/1011/index.html
[create] 06:23:57.915 Public: archives/1011/12/index.html
[create] 06:23:57.918 Public: archives/2010/index.html
[create] 06:23:57.922 Public: archives/2010/page/2/index.html
[create] 06:23:57.925 Public: archives/2010/page/3/index.html
[create] 06:23:57.927 Public: archives/2010/page/4/index.html
[create] 06:23:57.933 Public: archives/2010/page/5/index.html
[create] 06:23:57.936 Public: archives/2010/page/6/index.html
[create] 06:23:57.939 Public: archives/2010/page/7/index.html
[create] 06:23:57.942 Public: archives/2010/page/8/index.html
[create] 06:23:57.944 Public: archives/2010/page/9/index.html
[create] 06:23:57.948 Public: archives/2010/page/10/index.html
[create] 06:23:57.951 Public: archives/2010/page/11/index.html
